# JRE version: OpenJDK Runtime Environment (8.0_152-b02) (build 1.8.0_152-release-1024-b02)
# Java VM: OpenJDK 64-Bit Server VM (25.152-b02 mixed mode windows-amd64 compressed oops)
Heap:
 PSYoungGen      total 195584K, used 46723K [0x00000000e0000000, 0x00000000ee400000, 0x0000000100000000)
  eden space 168448K, 14% used [0x00000000e0000000,0x00000000e1778be8,0x00000000ea480000)
  from space 27136K, 83% used [0x00000000ec080000,0x00000000ed6a80d8,0x00000000edb00000)
  to   space 28672K, 0% used [0x00000000ea480000,0x00000000ea480000,0x00000000ec080000)
 ParOldGen       total 141312K, used 48948K [0x00000000a0000000, 0x00000000a8a00000, 0x00000000e0000000)
  object space 141312K, 34% used [0x00000000a0000000,0x00000000a2fcd298,0x00000000a8a00000)
 Metaspace       used 57620K, capacity 59686K, committed 59904K, reserved 1101824K
  class space    used 7623K, capacity 8073K, committed 8192K, reserved 1048576K
GC Heap History (10 events):
Event: 16.709 GC heap before
{Heap before GC invocations=15 (full 2):
 PSYoungGen      total 138752K, used 138737K [0x00000000e0000000, 0x00000000ea480000, 0x0000000100000000)
  eden space 123904K, 100% used [0x00000000e0000000,0x00000000e7900000,0x00000000e7900000)
  from space 14848K, 99% used [0x00000000e8b00000,0x00000000e997c430,0x00000000e9980000)
  to   space 18432K, 0% used [0x00000000e7900000,0x00000000e7900000,0x00000000e8b00000)
 ParOldGen       total 92160K, used 22236K [0x00000000a0000000, 0x00000000a5a00000, 0x00000000e0000000)
  object space 92160K, 24% used [0x00000000a0000000,0x00000000a15b7018,0x00000000a5a00000)
 Metaspace       used 55142K, capacity 56870K, committed 57216K, reserved 1099776K
  class space    used 7292K, capacity 7685K, committed 7808K, reserved 1048576K
Event: 16.758 GC heap after
Heap after GC invocations=15 (full 2):
 PSYoungGen      total 142336K, used 18410K [0x00000000e0000000, 0x00000000edb00000, 0x0000000100000000)
  eden space 123904K, 0% used [0x00000000e0000000,0x00000000e0000000,0x00000000e7900000)
  from space 18432K, 99% used [0x00000000e7900000,0x00000000e8afa950,0x00000000e8b00000)
  to   space 27136K, 0% used [0x00000000ec080000,0x00000000ec080000,0x00000000edb00000)
 ParOldGen       total 92160K, used 39139K [0x00000000a0000000, 0x00000000a5a00000, 0x00000000e0000000)
  object space 92160K, 42% used [0x00000000a0000000,0x00000000a2638ce8,0x00000000a5a00000)
 Metaspace       used 55142K, capacity 56870K, committed 57216K, reserved 1099776K
  class space    used 7292K, capacity 7685K, committed 7808K, reserved 1048576K
}
Event: 17.326 GC heap before
{Heap before GC invocations=16 (full 2):
 PSYoungGen      total 142336K, used 142314K [0x00000000e0000000, 0x00000000edb00000, 0x0000000100000000)
  eden space 123904K, 100% used [0x00000000e0000000,0x00000000e7900000,0x00000000e7900000)
  from space 18432K, 99% used [0x00000000e7900000,0x00000000e8afa950,0x00000000e8b00000)
  to   space 27136K, 0% used [0x00000000ec080000,0x00000000ec080000,0x00000000edb00000)
 ParOldGen       total 92160K, used 39139K [0x00000000a0000000, 0x00000000a5a00000, 0x00000000e0000000)
  object space 92160K, 42% used [0x00000000a0000000,0x00000000a2638ce8,0x00000000a5a00000)
 Metaspace       used 55941K, capacity 57844K, committed 58112K, reserved 1099776K
  class space    used 7395K, capacity 7830K, committed 7936K, reserved 1048576K
Event: 17.348 GC heap after
Heap after GC invocations=16 (full 2):
 PSYoungGen      total 195584K, used 20479K [0x00000000e0000000, 0x00000000ee400000, 0x0000000100000000)
  eden space 168448K, 0% used [0x00000000e0000000,0x00000000e0000000,0x00000000ea480000)
  from space 27136K, 75% used [0x00000000ec080000,0x00000000ed47ff70,0x00000000edb00000)
  to   space 28672K, 0% used [0x00000000ea480000,0x00000000ea480000,0x00000000ec080000)
 ParOldGen       total 92160K, used 46063K [0x00000000a0000000, 0x00000000a5a00000, 0x00000000e0000000)
  object space 92160K, 49% used [0x00000000a0000000,0x00000000a2cfbd80,0x00000000a5a00000)
 Metaspace       used 55941K, capacity 57844K, committed 58112K, reserved 1099776K
  class space    used 7395K, capacity 7830K, committed 7936K, reserved 1048576K
}
Event: 18.365 GC heap before
{Heap before GC invocations=17 (full 2):
 PSYoungGen      total 195584K, used 74164K [0x00000000e0000000, 0x00000000ee400000, 0x0000000100000000)
  eden space 168448K, 31% used [0x00000000e0000000,0x00000000e346d148,0x00000000ea480000)
  from space 27136K, 75% used [0x00000000ec080000,0x00000000ed47ff70,0x00000000edb00000)
  to   space 28672K, 0% used [0x00000000ea480000,0x00000000ea480000,0x00000000ec080000)
 ParOldGen       total 92160K, used 46063K [0x00000000a0000000, 0x00000000a5a00000, 0x00000000e0000000)
  object space 92160K, 49% used [0x00000000a0000000,0x00000000a2cfbd80,0x00000000a5a00000)
 Metaspace       used 56912K, capacity 58868K, committed 59136K, reserved 1099776K
  class space    used 7507K, capacity 7922K, committed 7936K, reserved 1048576K
Event: 18.384 GC heap after
Heap after GC invocations=17 (full 2):
 PSYoungGen      total 197120K, used 11172K [0x00000000e0000000, 0x00000000ee400000, 0x0000000100000000)
  eden space 168448K, 0% used [0x00000000e0000000,0x00000000e0000000,0x00000000ea480000)
  from space 28672K, 38% used [0x00000000ea480000,0x00000000eaf69288,0x00000000ec080000)
  to   space 27136K, 0% used [0x00000000ec080000,0x00000000ec080000,0x00000000edb00000)
 ParOldGen       total 92160K, used 57321K [0x00000000a0000000, 0x00000000a5a00000, 0x00000000e0000000)
  object space 92160K, 62% used [0x00000000a0000000,0x00000000a37fa638,0x00000000a5a00000)
 Metaspace       used 56912K, capacity 58868K, committed 59136K, reserved 1099776K
  class space    used 7507K, capacity 7922K, committed 7936K, reserved 1048576K
}
Event: 18.384 GC heap before
{Heap before GC invocations=18 (full 3):
 PSYoungGen      total 197120K, used 11172K [0x00000000e0000000, 0x00000000ee400000, 0x0000000100000000)
  eden space 168448K, 0% used [0x00000000e0000000,0x00000000e0000000,0x00000000ea480000)
  from space 28672K, 38% used [0x00000000ea480000,0x00000000eaf69288,0x00000000ec080000)
  to   space 27136K, 0% used [0x00000000ec080000,0x00000000ec080000,0x00000000edb00000)
 ParOldGen       total 92160K, used 57321K [0x00000000a0000000, 0x00000000a5a00000, 0x00000000e0000000)
  object space 92160K, 62% used [0x00000000a0000000,0x00000000a37fa638,0x00000000a5a00000)
 Metaspace       used 56912K, capacity 58868K, committed 59136K, reserved 1099776K
  class space    used 7507K, capacity 7922K, committed 7936K, reserved 1048576K
Event: 18.588 GC heap after
Heap after GC invocations=18 (full 3):
 PSYoungGen      total 197120K, used 0K [0x00000000e0000000, 0x00000000ee400000, 0x0000000100000000)
  eden space 168448K, 0% used [0x00000000e0000000,0x00000000e0000000,0x00000000ea480000)
  from space 28672K, 0% used [0x00000000ea480000,0x00000000ea480000,0x00000000ec080000)
  to   space 27136K, 0% used [0x00000000ec080000,0x00000000ec080000,0x00000000edb00000)
 ParOldGen       total 141312K, used 40338K [0x00000000a0000000, 0x00000000a8a00000, 0x00000000e0000000)
  object space 141312K, 28% used [0x00000000a0000000,0x00000000a27648c0,0x00000000a8a00000)
 Metaspace       used 56910K, capacity 58862K, committed 59136K, reserved 1099776K
  class space    used 7506K, capacity 7921K, committed 7936K, reserved 1048576K
}
Event: 19.106 GC heap before
{Heap before GC invocations=19 (full 3):
 PSYoungGen      total 197120K, used 168448K [0x00000000e0000000, 0x00000000ee400000, 0x0000000100000000)
  eden space 168448K, 100% used [0x00000000e0000000,0x00000000ea480000,0x00000000ea480000)
  from space 28672K, 0% used [0x00000000ea480000,0x00000000ea480000,0x00000000ec080000)
  to   space 27136K, 0% used [0x00000000ec080000,0x00000000ec080000,0x00000000edb00000)
 ParOldGen       total 141312K, used 40338K [0x00000000a0000000, 0x00000000a8a00000, 0x00000000e0000000)
  object space 141312K, 28% used [0x00000000a0000000,0x00000000a27648c0,0x00000000a8a00000)
 Metaspace       used 57173K, capacity 59226K, committed 59520K, reserved 1101824K
  class space    used 7558K, capacity 8007K, committed 8064K, reserved 1048576K
Event: 19.115 GC heap after
Heap after GC invocations=19 (full 3):
 PSYoungGen      total 195584K, used 22688K [0x00000000e0000000, 0x00000000ee400000, 0x0000000100000000)
  eden space 168448K, 0% used [0x00000000e0000000,0x00000000e0000000,0x00000000ea480000)
  from space 27136K, 83% used [0x00000000ec080000,0x00000000ed6a80d8,0x00000000edb00000)
  to   space 28672K, 0% used [0x00000000ea480000,0x00000000ea480000,0x00000000ec080000)
 ParOldGen       total 141312K, used 48948K [0x00000000a0000000, 0x00000000a8a00000, 0x00000000e0000000)
  object space 141312K, 34% used [0x00000000a0000000,0x00000000a2fcd298,0x00000000a8a00000)
 Metaspace       used 57173K, capacity 59226K, committed 59520K, reserved 1101824K
  class space    used 7558K, capacity 8007K, committed 8064K, reserved 1048576K
}

